     Creating library C:\Users\User\Desktop\Політех v2\ООП\1.1\1.1\Debug\UnitTest11.lib and object C:\Users\User\Desktop\Політех v2\ООП\1.1\1.1\Debug\UnitTest11.exp
UnitTest11.obj : error LNK2019: unresolved external symbol "public: bool __thiscall Money::Init(int,int)" (?Init@Money@@QAE_NHH@Z) referenced in function "public: void __thiscall UnitTest11::UnitTest1::TestMethod1(void)" (?TestMethod1@UnitTest1@UnitTest11@@QAEXXZ)
C:\Users\User\Desktop\Політех v2\ООП\1.1\1.1\Debug\UnitTest11.dll : fatal error LNK1120: 1 unresolved externals
